<?xml version="1.0" encoding="UTF-8"?>
<testng-results skipped="0" failed="0" ignored="0" total="1" passed="1">
  <reporter-output>
  </reporter-output>
  <suite name="Default suite" duration-ms="50634" started-at="2022-11-13T05:01:56Z" finished-at="2022-11-13T05:02:47Z">
    <groups>
      <group name="cucumber">
        <method signature="AbstractTestNGCucumberTests.feature(cucumber.api.testng.CucumberFeatureWrapper)[pri:0, instance:testrunners.TestAdminLogin@5702b3b1]" name="feature" class="cucumber.api.testng.AbstractTestNGCucumberTests"/>
      </group> <!-- cucumber -->
    </groups>
    <test name="Default test" duration-ms="50634" started-at="2022-11-13T05:01:56Z" finished-at="2022-11-13T05:02:47Z">
      <class name="testrunners.TestAdminLogin">
        <test-method status="PASS" signature="setUpClass()[pri:0, instance:testrunners.TestAdminLogin@5702b3b1]" name="setUpClass" is-config="true" duration-ms="195" started-at="2022-11-13T05:01:56Z" finished-at="2022-11-13T05:01:56Z">
          <reporter-output>
          </reporter-output>
        </test-method> <!-- setUpClass -->
        <test-method status="PASS" signature="feature(cucumber.api.testng.CucumberFeatureWrapper)[pri:0, instance:testrunners.TestAdminLogin@5702b3b1]" name="feature" duration-ms="50073" started-at="2022-11-13T05:01:56Z" description="Runs Cucumber Feature" data-provider="features" finished-at="2022-11-13T05:02:46Z">
          <params>
            <param index="0">
              <value>
                <![CDATA[Admin Login]]>
              </value>
            </param>
          </params>
          <reporter-output>
          </reporter-output>
        </test-method> <!-- feature -->
        <test-method status="PASS" signature="tearDownClass()[pri:0, instance:testrunners.TestAdminLogin@5702b3b1]" name="tearDownClass" is-config="true" duration-ms="290" started-at="2022-11-13T05:02:46Z" finished-at="2022-11-13T05:02:47Z">
          <reporter-output>
          </reporter-output>
        </test-method> <!-- tearDownClass -->
      </class> <!-- testrunners.TestAdminLogin -->
    </test> <!-- Default test -->
  </suite> <!-- Default suite -->
</testng-results>
